生成启动时间为 2024/11/18 13:37:45。
     1>项目“D:\Project\Folder_MD5\Folder_MD5\Folder_MD5.vcxproj”在节点 2 上(Rebuild 个目标)。
     1>CustomBuild:
         Moc'ing Folder_MD5.h...
         Uic'ing Folder_MD5.ui...
         Rcc'ing Folder_MD5.qrc...
     1>RCC : warning : No resources in 'D:\Project\Folder_MD5\Folder_MD5\Folder_MD5.qrc'.
         
       ClCompile:
         C:\Program Files (x86)\Microsoft Visual Studio 14.0\VC\bin\CL.exe /c /I.\GeneratedFiles /I. /IC:\Qt\Qt5.8.0\5.8\msvc2015\include /I.\GeneratedFiles\Release /IC:\Qt\Qt5.8.0\5.8\msvc2015\include\QtCore /IC:\Qt\Qt5.8.0\5.8\msvc2015\include\QtGui /IC:\Qt\Qt5.8.0\5.8\msvc2015\include\QtWidgets /nologo /W1 /WX- /O2 /Oy- /D UNICODE /D WIN32 /D WIN64 /D QT_DLL /D QT_NO_DEBUG /D NDEBUG /D QT_CORE_LIB /D QT_GUI_LIB /D QT_WIDGETS_LIB /D _AFXDLL /Gm- /EHsc /MD /GS /fp:precise /Zc:wchar_t /Zc:forScope /Zc:inline /Fo"Release\\" /Fd"Release\vc140.pdb" /Gd /TP /analyze- /errorReport:prompt Folder_MD5.cpp GeneratedFiles\Release\moc_Folder_MD5.cpp main.cpp md5.cpp
         Folder_MD5.cpp
         _WIN32_WINNT not defined. Defaulting to _WIN32_WINNT_MAXVER (see WinSDKVer.h)
         moc_Folder_MD5.cpp
         main.cpp
         md5.cpp
         正在生成代码...
         C:\Program Files (x86)\Microsoft Visual Studio 14.0\VC\bin\CL.exe /c /I.\GeneratedFiles /I. /IC:\Qt\Qt5.8.0\5.8\msvc2015\include /I.\GeneratedFiles\Release /IC:\Qt\Qt5.8.0\5.8\msvc2015\include\QtCore /IC:\Qt\Qt5.8.0\5.8\msvc2015\include\QtGui /IC:\Qt\Qt5.8.0\5.8\msvc2015\include\QtWidgets /nologo /W1 /WX- /O2 /Oy- /D UNICODE /D WIN32 /D WIN64 /D QT_DLL /D QT_NO_DEBUG /D NDEBUG /D QT_CORE_LIB /D QT_GUI_LIB /D QT_WIDGETS_LIB /D _AFXDLL /Gm- /EHsc /MD /GS /fp:precise /Zc:wchar_t /Zc:forScope /Zc:inline /Fo"Release\\" /Fd"Release\vc140.pdb" /Gd /TP /analyze- /errorReport:prompt GeneratedFiles\qrc_Folder_MD5.cpp
         qrc_Folder_MD5.cpp
       Link:
         C:\Program Files (x86)\Microsoft Visual Studio 14.0\VC\bin\link.exe /ERRORREPORT:PROMPT /OUT:"D:\Project\Folder_MD5\Win32\Release\\Folder_MD5.exe" /NOLOGO /LIBPATH:C:\Qt\Qt5.8.0\5.8\msvc2015\lib qtmain.lib Qt5Core.lib Qt5Gui.lib Qt5Widgets.lib /MANIFEST /MANIFESTUAC:"level='asInvoker' uiAccess='false'" /manifest:embed /manifestinput:"C:\Program Files (x86)\Microsoft Visual Studio 14.0\VC\Include\Manifest\dpiaware.manifest" /PDB:"D:\Project\Folder_MD5\Win32\Release\Folder_MD5.pdb" /SUBSYSTEM:WINDOWS /TLBID:1 /DYNAMICBASE /NXCOMPAT /IMPLIB:"D:\Project\Folder_MD5\Win32\Release\Folder_MD5.lib" /MACHINE:X86 /SAFESEH Release\Folder_MD5.obj
         Release\qrc_Folder_MD5.obj
         Release\moc_Folder_MD5.obj
         Release\main.obj
         Release\md5.obj
         Folder_MD5.vcxproj -> D:\Project\Folder_MD5\Win32\Release\Folder_MD5.exe
     1>已完成生成项目“D:\Project\Folder_MD5\Folder_MD5\Folder_MD5.vcxproj”(Rebuild 个目标)的操作。

已成功生成。

已用时间 00:00:07.50
