d:\project\folder_md5\folder_md5\debug\vc140.pdb
d:\project\folder_md5\folder_md5\debug\md5.obj
d:\project\folder_md5\folder_md5\debug\main.obj
d:\project\folder_md5\folder_md5\debug\moc_folder_md5.obj
d:\project\folder_md5\folder_md5\debug\folder_md5.obj
d:\project\folder_md5\folder_md5\debug\qrc_folder_md5.obj
d:\project\folder_md5\folder_md5\generatedfiles\qrc_folder_md5.cpp
d:\project\folder_md5\folder_md5\generatedfiles\debug\moc_folder_md5.cpp
d:\project\folder_md5\folder_md5\generatedfiles\ui_folder_md5.h
d:\project\folder_md5\win32\debug\folder_md5.ilk
d:\project\folder_md5\win32\debug\folder_md5.exe
d:\project\folder_md5\win32\debug\folder_md5.pdb
d:\project\folder_md5\folder_md5\debug\folder_md5.tlog\cl.command.1.tlog
d:\project\folder_md5\folder_md5\debug\folder_md5.tlog\cl.read.1.tlog
d:\project\folder_md5\folder_md5\debug\folder_md5.tlog\cl.write.1.tlog
d:\project\folder_md5\folder_md5\debug\folder_md5.tlog\custombuild.command.1.tlog
d:\project\folder_md5\folder_md5\debug\folder_md5.tlog\custombuild.read.1.tlog
d:\project\folder_md5\folder_md5\debug\folder_md5.tlog\custombuild.write.1.tlog
d:\project\folder_md5\folder_md5\debug\folder_md5.tlog\link.command.1.tlog
d:\project\folder_md5\folder_md5\debug\folder_md5.tlog\link.read.1.tlog
d:\project\folder_md5\folder_md5\debug\folder_md5.tlog\link.write.1.tlog
